Currently Loaded Modulefiles:
 1) nvhpc/21.1   2) cudatoolkit/11.1   3) openmpi/nvhpc-21.1/4.1.0  
Time used (ms): 344.304   10.685  244.287
After compact in-place:
          1.0   799999981.0          21.0          31.0   799999951.0   799999941.0          61.0   799999921.0
         81.0   799999901.0         101.0         111.0   799999871.0   799999861.0         141.0   799999841.0
        161.0   799999821.0         181.0         191.0   799999791.0   799999781.0         221.0   799999761.0
        241.0   799999741.0         261.0         271.0   799999711.0   799999701.0         301.0   799999681.0
        321.0   799999661.0         341.0         351.0   799999631.0   799999621.0         381.0   799999601.0
        401.0   799999581.0         421.0         431.0   799999551.0   799999541.0         461.0   799999521.0
        481.0   799999501.0         501.0         511.0   799999471.0   799999461.0         541.0   799999441.0
        561.0   799999421.0         581.0         591.0   799999391.0   799999381.0         621.0   799999361.0
        641.0   799999341.0         661.0         671.0   799999311.0   799999301.0         701.0   799999281.0
        721.0   799999261.0         741.0         751.0   799999231.0   799999221.0         781.0   799999201.0
        801.0   799999181.0         821.0         831.0   799999151.0   799999141.0         861.0   799999121.0
        881.0   799999101.0         901.0         911.0   799999071.0   799999061.0         941.0   799999041.0
        961.0   799999021.0         981.0         991.0   799998991.0   799998981.0        1021.0   799998961.0
       1041.0   799998941.0        1061.0        1071.0   799998911.0   799998901.0        1101.0   799998881.0
       1121.0   799998861.0        1141.0        1151.0   799998831.0   799998821.0        1181.0   799998801.0
       1201.0   799998781.0        1221.0        1231.0   799998751.0   799998741.0        1261.0   799998721.0
       1281.0   799998701.0        1301.0        1311.0   799998671.0   799998661.0        1341.0   799998641.0
       1361.0   799998621.0        1381.0        1391.0   799998591.0   799998581.0        1421.0   799998561.0
       1441.0   799998541.0        1461.0        1471.0   799998511.0   799998501.0        1501.0   799998481.0
       1521.0   799998461.0        1541.0        1551.0   799998431.0   799998421.0        1581.0   799998401.0
       1601.0   799998381.0        1621.0        1631.0   799998351.0   799998341.0        1661.0   799998321.0
       1681.0   799998301.0        1701.0        1711.0   799998271.0   799998261.0        1741.0   799998241.0
       1761.0   799998221.0        1781.0        1791.0   799998191.0   799998181.0        1821.0   799998161.0
       1841.0   799998141.0        1861.0        1871.0   799998111.0   799998101.0        1901.0   799998081.0
       1921.0   799998061.0        1941.0        1951.0   799998031.0   799998021.0        1981.0   799998001.0
       2001.0   799997981.0        2021.0        2031.0   799997951.0   799997941.0        2061.0   799997921.0
       2081.0   799997901.0        2101.0        2111.0   799997871.0   799997861.0        2141.0   799997841.0
       2161.0   799997821.0        2181.0        2191.0   799997791.0   799997781.0        2221.0   799997761.0
       2241.0   799997741.0        2261.0        2271.0   799997711.0   799997701.0        2301.0   799997681.0
       2321.0   799997661.0        2341.0        2351.0   799997631.0   799997621.0        2381.0   799997601.0
       2401.0   799997581.0        2421.0        2431.0   799997551.0   799997541.0        2461.0   799997521.0
       2481.0   799997501.0        2501.0        2511.0   799997471.0   799997461.0        2541.0   799997441.0
       2561.0   799997421.0        2581.0        2591.0   799997391.0   799997381.0        2621.0   799997361.0
       2641.0   799997341.0        2661.0        2671.0   799997311.0   799997301.0        2701.0   799997281.0
       2721.0   799997261.0        2741.0        2751.0   799997231.0   799997221.0        2781.0   799997201.0
       2801.0   799997181.0        2821.0        2831.0   799997151.0   799997141.0        2861.0   799997121.0
       2881.0   799997101.0        2901.0        2911.0   799997071.0   799997061.0        2941.0   799997041.0
       2961.0   799997021.0        2981.0        2991.0   799996991.0   799996981.0        3021.0   799996961.0
       3041.0   799996941.0        3061.0        3071.0   799996911.0   799996901.0        3101.0   799996881.0
       3121.0   799996861.0        3141.0        3151.0   799996831.0   799996821.0        3181.0   799996801.0
       3201.0   799996781.0        3221.0        3231.0   799996751.0   799996741.0        3261.0   799996721.0
       3281.0   799996701.0        3301.0        3311.0   799996671.0   799996661.0        3341.0   799996641.0
       3361.0   799996621.0        3381.0        3391.0   799996591.0   799996581.0        3421.0   799996561.0
       3441.0   799996541.0        3461.0        3471.0   799996511.0   799996501.0        3501.0   799996481.0
       3521.0   799996461.0        3541.0        3551.0   799996431.0   799996421.0        3581.0   799996401.0
       3601.0   799996381.0        3621.0        3631.0   799996351.0   799996341.0        3661.0   799996321.0
       3681.0   799996301.0        3701.0        3711.0   799996271.0   799996261.0        3741.0   799996241.0
       3761.0   799996221.0        3781.0        3791.0   799996191.0   799996181.0        3821.0   799996161.0
       3841.0   799996141.0        3861.0        3871.0   799996111.0   799996101.0        3901.0   799996081.0
       3921.0   799996061.0        3941.0        3951.0   799996031.0   799996021.0        3981.0   799996001.0
       4001.0   799995981.0        4021.0        4031.0   799995951.0   799995941.0        4061.0   799995921.0
       4081.0   799995901.0        4101.0        4111.0   799995871.0   799995861.0        4141.0   799995841.0
       4161.0   799995821.0        4181.0        4191.0   799995791.0   799995781.0        4221.0   799995761.0
       4241.0   799995741.0        4261.0        4271.0   799995711.0   799995701.0        4301.0   799995681.0
       4321.0   799995661.0        4341.0        4351.0   799995631.0   799995621.0        4381.0   799995601.0
       4401.0   799995581.0        4421.0        4431.0   799995551.0   799995541.0        4461.0   799995521.0
       4481.0   799995501.0        4501.0        4511.0   799995471.0   799995461.0        4541.0   799995441.0
       4561.0   799995421.0        4581.0        4591.0   799995391.0   799995381.0        4621.0   799995361.0
       4641.0   799995341.0        4661.0        4671.0   799995311.0   799995301.0        4701.0   799995281.0
       4721.0   799995261.0        4741.0        4751.0   799995231.0   799995221.0        4781.0   799995201.0
       4801.0   799995181.0        4821.0        4831.0   799995151.0   799995141.0        4861.0   799995121.0
       4881.0   799995101.0        4901.0        4911.0   799995071.0   799995061.0        4941.0   799995041.0
       4961.0   799995021.0        4981.0        4991.0   799994991.0   799994981.0        5021.0   799994961.0
       5041.0   799994941.0        5061.0        5071.0   799994911.0   799994901.0        5101.0   799994881.0
       5121.0   799994861.0        5141.0        5151.0   799994831.0   799994821.0        5181.0   799994801.0
       5201.0   799994781.0        5221.0        5231.0   799994751.0   799994741.0        5261.0   799994721.0
       5281.0   799994701.0        5301.0        5311.0   799994671.0   799994661.0        5341.0   799994641.0
       5361.0   799994621.0        5381.0        5391.0   799994591.0   799994581.0        5421.0   799994561.0
       5441.0   799994541.0        5461.0        5471.0   799994511.0   799994501.0        5501.0   799994481.0
       5521.0   799994461.0        5541.0        5551.0   799994431.0   799994421.0        5581.0   799994401.0
       5601.0   799994381.0        5621.0        5631.0   799994351.0   799994341.0        5661.0   799994321.0
       5681.0   799994301.0        5701.0        5711.0   799994271.0   799994261.0        5741.0   799994241.0
       5761.0   799994221.0        5781.0        5791.0   799994191.0   799994181.0        5821.0   799994161.0
       5841.0   799994141.0        5861.0        5871.0   799994111.0   799994101.0        5901.0   799994081.0
       5921.0   799994061.0        5941.0        5951.0   799994031.0   799994021.0        5981.0   799994001.0
       6001.0   799993981.0        6021.0        6031.0   799993951.0   799993941.0        6061.0   799993921.0
       6081.0   799993901.0        6101.0        6111.0   799993871.0   799993861.0        6141.0   799993841.0
       6161.0   799993821.0        6181.0        6191.0   799993791.0   799993781.0        6221.0   799993761.0
       6241.0   799993741.0        6261.0        6271.0   799993711.0   799993701.0        6301.0   799993681.0
       6321.0   799993661.0        6341.0        6351.0   799993631.0   799993621.0        6381.0   799993601.0
       6401.0   799993581.0        6421.0        6431.0   799993551.0   799993541.0        6461.0   799993521.0
       6481.0   799993501.0        6501.0        6511.0   799993471.0   799993461.0        6541.0   799993441.0
       6561.0   799993421.0        6581.0        6591.0   799993391.0   799993381.0        6621.0   799993361.0
       6641.0   799993341.0        6661.0        6671.0   799993311.0   799993301.0        6701.0   799993281.0
       6721.0   799993261.0        6741.0        6751.0   799993231.0   799993221.0        6781.0   799993201.0
       6801.0   799993181.0        6821.0        6831.0   799993151.0   799993141.0        6861.0   799993121.0
       6881.0   799993101.0        6901.0        6911.0   799993071.0   799993061.0        6941.0   799993041.0
       6961.0   799993021.0        6981.0        6991.0   799992991.0   799992981.0        7021.0   799992961.0
       7041.0   799992941.0        7061.0        7071.0   799992911.0   799992901.0        7101.0   799992881.0
       7121.0   799992861.0        7141.0        7151.0   799992831.0   799992821.0        7181.0   799992801.0
       7201.0   799992781.0        7221.0        7231.0   799992751.0   799992741.0        7261.0   799992721.0
       7281.0   799992701.0        7301.0        7311.0   799992671.0   799992661.0        7341.0   799992641.0
       7361.0   799992621.0        7381.0        7391.0   799992591.0   799992581.0        7421.0   799992561.0
       7441.0   799992541.0        7461.0        7471.0   799992511.0   799992501.0        7501.0   799992481.0
       7521.0   799992461.0        7541.0        7551.0   799992431.0   799992421.0        7581.0   799992401.0
       7601.0   799992381.0        7621.0        7631.0   799992351.0   799992341.0        7661.0   799992321.0
       7681.0   799992301.0        7701.0        7711.0   799992271.0   799992261.0        7741.0   799992241.0
       7761.0   799992221.0        7781.0        7791.0   799992191.0   799992181.0        7821.0   799992161.0
       7841.0   799992141.0        7861.0        7871.0   799992111.0   799992101.0        7901.0   799992081.0
       7921.0   799992061.0        7941.0        7951.0   799992031.0   799992021.0        7981.0   799992001.0

